Build started 11.10.2017 16:10:01.
     1>Project "C:\Users\sarynin.s\Desktop\лабораторная\job\mp2-lab1-set-master\sln\vc10\sample_prime_numbers\sample_prime_numbers.vcxproj" on node 3 (build target(s)).
       Project file contains ToolsVersion="15.0". This toolset may be unknown or missing, in which case you may be able to resolve this by installing the appropriate version of MSBuild, or the build may have been forced to a particular ToolsVersion for policy reasons. Treating the project as if it had ToolsVersion="4.0". For more information, please see http://go.microsoft.com/fwlink/?LinkId=291333.
     1>Project "C:\Users\sarynin.s\Desktop\лабораторная\job\mp2-lab1-set-master\sln\vc10\sample_prime_numbers\sample_prime_numbers.vcxproj" (1) is building "C:\Users\sarynin.s\Desktop\лабораторная\job\mp2-lab1-set-master\sln\vc10\bitfield\bitfield.vcxproj" (2) on node 2 (GetTargetPath target(s)).
       Project file contains ToolsVersion="15.0". This toolset may be unknown or missing, in which case you may be able to resolve this by installing the appropriate version of MSBuild, or the build may have been forced to a particular ToolsVersion for policy reasons. Treating the project as if it had ToolsVersion="4.0". For more information, please see http://go.microsoft.com/fwlink/?LinkId=291333.
     2>Done Building Project "C:\Users\sarynin.s\Desktop\лабораторная\job\mp2-lab1-set-master\sln\vc10\bitfield\bitfield.vcxproj" (GetTargetPath target(s)).
     1>Project "C:\Users\sarynin.s\Desktop\лабораторная\job\mp2-lab1-set-master\sln\vc10\sample_prime_numbers\sample_prime_numbers.vcxproj" (1) is building "C:\Users\sarynin.s\Desktop\лабораторная\job\mp2-lab1-set-master\sln\vc10\bitfield\bitfield.vcxproj" (2:2) on node 2 (GetNativeManifest target(s)).
       Project file contains ToolsVersion="15.0". This toolset may be unknown or missing, in which case you may be able to resolve this by installing the appropriate version of MSBuild, or the build may have been forced to a particular ToolsVersion for policy reasons. Treating the project as if it had ToolsVersion="4.0". For more information, please see http://go.microsoft.com/fwlink/?LinkId=291333.
     2>Done Building Project "C:\Users\sarynin.s\Desktop\лабораторная\job\mp2-lab1-set-master\sln\vc10\bitfield\bitfield.vcxproj" (GetNativeManifest target(s)).
     1>InitializeBuildStatus:
         Creating "Debug\sample_prime_numbers.unsuccessfulbuild" because "AlwaysCreate" was specified.
       ClCompile:
         All outputs are up-to-date.
     1>Project "C:\Users\sarynin.s\Desktop\лабораторная\job\mp2-lab1-set-master\sln\vc10\sample_prime_numbers\sample_prime_numbers.vcxproj" (1) is building "C:\Users\sarynin.s\Desktop\лабораторная\job\mp2-lab1-set-master\sln\vc10\bitfield\bitfield.vcxproj" (2:3) on node 2 (GetResolvedLinkLibs target(s)).
       Project file contains ToolsVersion="15.0". This toolset may be unknown or missing, in which case you may be able to resolve this by installing the appropriate version of MSBuild, or the build may have been forced to a particular ToolsVersion for policy reasons. Treating the project as if it had ToolsVersion="4.0". For more information, please see http://go.microsoft.com/fwlink/?LinkId=291333.
     2>Done Building Project "C:\Users\sarynin.s\Desktop\лабораторная\job\mp2-lab1-set-master\sln\vc10\bitfield\bitfield.vcxproj" (GetResolvedLinkLibs target(s)).
     1>ManifestResourceCompile:
         All outputs are up-to-date.
       Link:
         All outputs are up-to-date.
         sample_prime_numbers.vcxproj -> C:\Users\sarynin.s\Desktop\лабораторная\job\mp2-lab1-set-master\sln\vc10\Debug\sample_prime_numbers.exe
       Manifest:
         All outputs are up-to-date.
     1>Project "C:\Users\sarynin.s\Desktop\лабораторная\job\mp2-lab1-set-master\sln\vc10\sample_prime_numbers\sample_prime_numbers.vcxproj" (1) is building "C:\Users\sarynin.s\Desktop\лабораторная\job\mp2-lab1-set-master\sln\vc10\bitfield\bitfield.vcxproj" (2:4) on node 2 (GetCopyToOutputDirectoryItems target(s)).
       Project file contains ToolsVersion="15.0". This toolset may be unknown or missing, in which case you may be able to resolve this by installing the appropriate version of MSBuild, or the build may have been forced to a particular ToolsVersion for policy reasons. Treating the project as if it had ToolsVersion="4.0". For more information, please see http://go.microsoft.com/fwlink/?LinkId=291333.
     2>Done Building Project "C:\Users\sarynin.s\Desktop\лабораторная\job\mp2-lab1-set-master\sln\vc10\bitfield\bitfield.vcxproj" (GetCopyToOutputDirectoryItems target(s)).
     1>FinalizeBuildStatus:
         Deleting file "Debug\sample_prime_numbers.unsuccessfulbuild".
         Touching "Debug\sample_prime_numbers.lastbuildstate".
     1>Done Building Project "C:\Users\sarynin.s\Desktop\лабораторная\job\mp2-lab1-set-master\sln\vc10\sample_prime_numbers\sample_prime_numbers.vcxproj" (build target(s)).

Build succeeded.

Time Elapsed 00:00:00.07
